/*C7*/SET SCHEMA PUBLIC
DISCONNECT
/*C8*/SET SCHEMA PUBLIC
DISCONNECT
/*C9*/SET SCHEMA PUBLIC
DISCONNECT
/*C10*/SET SCHEMA PUBLIC
alter table t_avaliacao drop constraint FK1vn6di1n2htdjjwwc41y40a1g
alter table t_avaliacao drop constraint FK7t2wdruktt6jgohndckamubtd
drop table t_avaliacao if exists
drop table t_pessoa if exists
drop table t_restaurante if exists
create table t_avaliacao (id bigint generated by default as identity (start with 1), dt_avaliacao date, vl_nota integer, cd_pessoa bigint, cd_restaurante bigint, primary key (id))
create table t_pessoa (id bigint generated by default as identity (start with 1), nm_pessoa varchar(255), tx_senha varchar(255), primary key (id))
create table t_restaurante (id bigint generated by default as identity (start with 1), ds_endereco varchar(255), nm_restaurante varchar(255), primary key (id))
alter table t_avaliacao add constraint FK1vn6di1n2htdjjwwc41y40a1g foreign key (cd_pessoa) references t_pessoa
alter table t_avaliacao add constraint FK7t2wdruktt6jgohndckamubtd foreign key (cd_restaurante) references t_restaurante
DISCONNECT
/*C11*/SET SCHEMA PUBLIC
DISCONNECT
